<?xml version="1.0" encoding="UTF-8"?>
<!-- Generated by org.testng.reporters.JUnitReportReporter -->
<testsuite hostname="DESKTOP-FI1C1CI" failures="0" tests="3" name="tests.HomePageTest" time="31.577" errors="0" timestamp="2022-10-22T07:26:53 BDT" skipped="0">
  <testcase classname="tests.HomePageTest" name="ClickOnSignIn" time="17.182"/>
  <system-out/>
  <testcase classname="tests.HomePageTest" name="clickOnSignUP" time="3.527"/>
  <system-out/>
  <testcase classname="tests.HomePageTest" name="GmailClick" time="10.868"/>
  <system-out/>
</testsuite> <!-- tests.HomePageTest -->
