<?xml version="1.0" encoding="UTF-8"?>
<!-- Generated by org.testng.reporters.JUnitReportReporter -->
<testsuite hostname="DESKTOP-FI1C1CI" failures="0" tests="4" name="tests.GmailSignInTest" time="40.678" errors="0" timestamp="2022-11-11T22:06:03 BDT" skipped="0">
  <testcase classname="tests.GmailSignInTest" name="GmailUserName" time="8.395"/>
  <system-out/>
  <testcase classname="tests.GmailSignInTest" name="ClickOnUserNameNextButton" time="7.794"/>
  <system-out/>
  <testcase classname="tests.GmailSignInTest" name="GmailPassword" time="4.803"/>
  <system-out/>
  <testcase classname="tests.GmailSignInTest" name="ClickOnPasswordNextButton" time="19.686"/>
  <system-out/>
</testsuite> <!-- tests.GmailSignInTest -->
