<?xml version="1.0" encoding="UTF-8"?>
<!-- Generated by org.testng.reporters.JUnitReportReporter -->
<testsuite hostname="DESKTOP-FI1C1CI" failures="0" tests="14" name="tests.AddToCartTest" time="205.694" errors="0" timestamp="2022-10-22T07:26:53 BDT" skipped="0">
  <testcase classname="tests.AddToCartTest" name="SelectBookDivScroll" time="7.430"/>
  <system-out/>
  <testcase classname="tests.AddToCartTest" name="FirstBookHover" time="9.572"/>
  <system-out/>
  <testcase classname="tests.AddToCartTest" name="FirstBookInAddToCart" time="7.531"/>
  <system-out/>
  <testcase classname="tests.AddToCartTest" name="SecondBookHover" time="9.615"/>
  <system-out/>
  <testcase classname="tests.AddToCartTest" name="SecondBookInAddToCart" time="7.609"/>
  <system-out/>
  <testcase classname="tests.AddToCartTest" name="PublishersDivScroll" time="7.426"/>
  <system-out/>
  <testcase classname="tests.AddToCartTest" name="ThirdBookHover" time="11.479"/>
  <system-out/>
  <testcase classname="tests.AddToCartTest" name="ThirdBookViewDetails" time="26.297"/>
  <system-out/>
  <testcase classname="tests.AddToCartTest" name="ThirdBookAddToCartClick" time="20.702"/>
  <system-out/>
  <testcase classname="tests.AddToCartTest" name="ClickOnCrossButton" time="20.498"/>
  <system-out/>
  <testcase classname="tests.AddToCartTest" name="ClickOnCartIcon" time="23.039"/>
  <system-out/>
  <testcase classname="tests.AddToCartTest" name="RemoveFirstElement" time="15.425"/>
  <system-out/>
  <testcase classname="tests.AddToCartTest" name="ConfirmRemoveElementByYes" time="18.380"/>
  <system-out/>
  <testcase classname="tests.AddToCartTest" name="ClickOnPaceOrderButton" time="20.691"/>
  <system-out/>
</testsuite> <!-- tests.AddToCartTest -->
