<?xml version="1.0" encoding="UTF-8"?>
<!-- Generated by org.testng.reporters.JUnitReportReporter -->
<testsuite hostname="DESKTOP-FI1C1CI" failures="0" tests="3" name="tests.HomePageTest" time="26.963" errors="0" timestamp="2022-11-11T22:06:03 BDT" skipped="0">
  <testcase classname="tests.HomePageTest" name="ClickOnSignIn" time="14.565"/>
  <system-out/>
  <testcase classname="tests.HomePageTest" name="clickOnSignUP" time="3.776"/>
  <system-out/>
  <testcase classname="tests.HomePageTest" name="GmailClick" time="8.622"/>
  <system-out/>
</testsuite> <!-- tests.HomePageTest -->
