<?xml version="1.0" encoding="UTF-8"?>
<!-- Generated by org.testng.reporters.JUnitReportReporter -->
<testsuite hostname="DESKTOP-FI1C1CI" failures="0" tests="8" name="tests.ShippingInfoPageTest" time="82.978" errors="0" timestamp="2022-10-22T07:26:53 BDT" skipped="0">
  <testcase classname="tests.ShippingInfoPageTest" name="NameGiven" time="7.596"/>
  <system-out/>
  <testcase classname="tests.ShippingInfoPageTest" name="PhoneNumberGiven" time="8.604"/>
  <system-out/>
  <testcase classname="tests.ShippingInfoPageTest" name="AlterNativePhoneNum" time="7.573"/>
  <system-out/>
  <testcase classname="tests.ShippingInfoPageTest" name="CountryAndAreaDropDown" time="24.344"/>
  <system-out/>
  <testcase classname="tests.ShippingInfoPageTest" name="ZoneDropDown" time="13.658"/>
  <system-out/>
  <testcase classname="tests.ShippingInfoPageTest" name="AddressInputField" time="9.722"/>
  <system-out/>
  <testcase classname="tests.ShippingInfoPageTest" name="NagadCheckBox" time="5.079"/>
  <system-out/>
  <testcase classname="tests.ShippingInfoPageTest" name="ConfirmOrderButton" time="6.402"/>
  <system-out/>
</testsuite> <!-- tests.ShippingInfoPageTest -->
