<?xml version="1.0" encoding="UTF-8"?>
<!-- Generated by org.testng.reporters.JUnitReportReporter -->
<testsuite hostname="DESKTOP-FI1C1CI" failures="0" tests="13" name="tests.WriterAndBookFilterTest" time="123.318" errors="0" timestamp="2022-10-22T07:26:53 BDT" skipped="0">
  <testcase classname="tests.WriterAndBookFilterTest" name="Writer" time="7.678"/>
  <system-out/>
  <testcase classname="tests.WriterAndBookFilterTest" name="WriterSelected" time="10.480"/>
  <system-out/>
  <testcase classname="tests.WriterAndBookFilterTest" name="BestSellerFilterClick" time="10.057"/>
  <system-out/>
  <testcase classname="tests.WriterAndBookFilterTest" name="Book_CatagoriesDivScroll" time="7.462"/>
  <system-out/>
  <testcase classname="tests.WriterAndBookFilterTest" name="BanglaKobitaCheckBoxClick" time="10.002"/>
  <system-out/>
  <testcase classname="tests.WriterAndBookFilterTest" name="RochonaSongkolonCheckBoxClick" time="13.915"/>
  <system-out/>
  <testcase classname="tests.WriterAndBookFilterTest" name="PublishersDivScroll" time="7.375"/>
  <system-out/>
  <testcase classname="tests.WriterAndBookFilterTest" name="ClickOnNazrulCheckBox" time="9.890"/>
  <system-out/>
  <testcase classname="tests.WriterAndBookFilterTest" name="ClickOnAgamiProkashoniCheckBox" time="9.888"/>
  <system-out/>
  <testcase classname="tests.WriterAndBookFilterTest" name="ClickOnMawlanaBrothersCheckBox" time="9.712"/>
  <system-out/>
  <testcase classname="tests.WriterAndBookFilterTest" name="BanglaLanguageDivScroll" time="7.464"/>
  <system-out/>
  <testcase classname="tests.WriterAndBookFilterTest" name="ClickOnBanglaCheckBox" time="9.857"/>
  <system-out/>
  <testcase classname="tests.WriterAndBookFilterTest" name="ClickOnFiveStarRating" time="9.538"/>
  <system-out/>
</testsuite> <!-- tests.WriterAndBookFilterTest -->
