<?xml version="1.0" encoding="UTF-8"?>
<!-- Generated by org.testng.reporters.JUnitReportReporter -->
<testsuite hostname="DESKTOP-FI1C1CI" failures="0" tests="13" name="tests.WriterAndBookFilterTest" time="143.733" errors="0" timestamp="2022-11-11T22:06:03 BDT" skipped="0">
  <testcase classname="tests.WriterAndBookFilterTest" name="Writer" time="7.984"/>
  <system-out/>
  <testcase classname="tests.WriterAndBookFilterTest" name="WriterSelected" time="12.414"/>
  <system-out/>
  <testcase classname="tests.WriterAndBookFilterTest" name="BestSellerFilterClick" time="12.808"/>
  <system-out/>
  <testcase classname="tests.WriterAndBookFilterTest" name="Book_CatagoriesDivScroll" time="7.702"/>
  <system-out/>
  <testcase classname="tests.WriterAndBookFilterTest" name="BanglaKobitaCheckBoxClick" time="12.585"/>
  <system-out/>
  <testcase classname="tests.WriterAndBookFilterTest" name="RochonaSongkolonCheckBoxClick" time="15.918"/>
  <system-out/>
  <testcase classname="tests.WriterAndBookFilterTest" name="PublishersDivScroll" time="7.377"/>
  <system-out/>
  <testcase classname="tests.WriterAndBookFilterTest" name="ClickOnNazrulCheckBox" time="11.978"/>
  <system-out/>
  <testcase classname="tests.WriterAndBookFilterTest" name="ClickOnAgamiProkashoniCheckBox" time="12.916"/>
  <system-out/>
  <testcase classname="tests.WriterAndBookFilterTest" name="ClickOnMawlanaBrothersCheckBox" time="11.622"/>
  <system-out/>
  <testcase classname="tests.WriterAndBookFilterTest" name="BanglaLanguageDivScroll" time="7.465"/>
  <system-out/>
  <testcase classname="tests.WriterAndBookFilterTest" name="ClickOnBanglaCheckBox" time="11.869"/>
  <system-out/>
  <testcase classname="tests.WriterAndBookFilterTest" name="ClickOnFiveStarRating" time="11.095"/>
  <system-out/>
</testsuite> <!-- tests.WriterAndBookFilterTest -->
