<?xml version="1.0" encoding="UTF-8"?>
<!-- Generated by org.testng.reporters.JUnitReportReporter -->
<testsuite hostname="DESKTOP-FI1C1CI" failures="0" tests="14" name="tests.AddToCartTest" time="213.688" errors="0" timestamp="2022-11-11T22:06:03 BDT" skipped="0">
  <testcase classname="tests.AddToCartTest" name="SelectBookDivScroll" time="7.614"/>
  <system-out/>
  <testcase classname="tests.AddToCartTest" name="FirstBookHover" time="9.765"/>
  <system-out/>
  <testcase classname="tests.AddToCartTest" name="FirstBookInAddToCart" time="7.762"/>
  <system-out/>
  <testcase classname="tests.AddToCartTest" name="SecondBookHover" time="9.755"/>
  <system-out/>
  <testcase classname="tests.AddToCartTest" name="SecondBookInAddToCart" time="7.813"/>
  <system-out/>
  <testcase classname="tests.AddToCartTest" name="PublishersDivScroll" time="7.483"/>
  <system-out/>
  <testcase classname="tests.AddToCartTest" name="ThirdBookHover" time="11.637"/>
  <system-out/>
  <testcase classname="tests.AddToCartTest" name="ThirdBookViewDetails" time="31.507"/>
  <system-out/>
  <testcase classname="tests.AddToCartTest" name="ThirdBookAddToCartClick" time="21.011"/>
  <system-out/>
  <testcase classname="tests.AddToCartTest" name="ClickOnCrossButton" time="20.537"/>
  <system-out/>
  <testcase classname="tests.AddToCartTest" name="ClickOnCartIcon" time="23.766"/>
  <system-out/>
  <testcase classname="tests.AddToCartTest" name="RemoveFirstElement" time="15.471"/>
  <system-out/>
  <testcase classname="tests.AddToCartTest" name="ConfirmRemoveElementByYes" time="18.523"/>
  <system-out/>
  <testcase classname="tests.AddToCartTest" name="ClickOnPaceOrderButton" time="21.044"/>
  <system-out/>
</testsuite> <!-- tests.AddToCartTest -->
