<?xml version="1.0" encoding="UTF-8"?>
<!-- Generated by org.testng.reporters.JUnitReportReporter -->
<testsuite hostname="DESKTOP-FI1C1CI" failures="0" tests="4" name="tests.GmailSignInTest" time="33.607" errors="0" timestamp="2022-10-22T07:26:53 BDT" skipped="0">
  <testcase classname="tests.GmailSignInTest" name="GmailUserName" time="7.714"/>
  <system-out/>
  <testcase classname="tests.GmailSignInTest" name="ClickOnUserNameNextButton" time="7.509"/>
  <system-out/>
  <testcase classname="tests.GmailSignInTest" name="GmailPassword" time="5.071"/>
  <system-out/>
  <testcase classname="tests.GmailSignInTest" name="ClickOnPasswordNextButton" time="13.313"/>
  <system-out/>
</testsuite> <!-- tests.GmailSignInTest -->
