<?xml version="1.0" encoding="UTF-8"?>
<!-- Generated by org.testng.reporters.JUnitReportReporter -->
<testsuite hostname="DESKTOP-FI1C1CI" failures="0" tests="8" name="tests.ShippingInfoPageTest" time="84.249" errors="0" timestamp="2022-11-11T22:06:03 BDT" skipped="0">
  <testcase classname="tests.ShippingInfoPageTest" name="NameGiven" time="7.921"/>
  <system-out/>
  <testcase classname="tests.ShippingInfoPageTest" name="PhoneNumberGiven" time="8.032"/>
  <system-out/>
  <testcase classname="tests.ShippingInfoPageTest" name="AlterNativePhoneNum" time="7.953"/>
  <system-out/>
  <testcase classname="tests.ShippingInfoPageTest" name="CountryAndAreaDropDown" time="24.732"/>
  <system-out/>
  <testcase classname="tests.ShippingInfoPageTest" name="ZoneDropDown" time="13.857"/>
  <system-out/>
  <testcase classname="tests.ShippingInfoPageTest" name="AddressInputField" time="10.148"/>
  <system-out/>
  <testcase classname="tests.ShippingInfoPageTest" name="NagadCheckBox" time="5.078"/>
  <system-out/>
  <testcase classname="tests.ShippingInfoPageTest" name="ConfirmOrderButton" time="6.528"/>
  <system-out/>
</testsuite> <!-- tests.ShippingInfoPageTest -->
